0 info it worked if it ends with ok
1 verbose cli [ '/usr/local/bin/node', '/usr/local/bin/npm', 'run', 'karma' ]
2 info using npm@3.10.10
3 info using node@v6.10.0
4 verbose run-script [ 'prekarma', 'karma', 'postkarma' ]
5 info lifecycle bloc@1.0.0~prekarma: bloc@1.0.0
6 silly lifecycle bloc@1.0.0~prekarma: no script for prekarma, continuing
7 info lifecycle bloc@1.0.0~karma: bloc@1.0.0
8 verbose lifecycle bloc@1.0.0~karma: unsafe-perm in lifecycle true
9 verbose lifecycle bloc@1.0.0~karma: PATH: /usr/local/lib/node_modules/npm/bin/node-gyp-bin:/Users/makerslaptop098/projects/bloc/node_modules/.bin:/Users/makerslaptop098/.rvm/gems/ruby-2.2.3/bin:/Users/makerslaptop098/.rvm/gems/ruby-2.2.3@global/bin:/Users/makerslaptop098/.rvm/rubies/ruby-2.2.3/bin:/usr/local/bin:/usr/bin:/bin:/usr/sbin:/sbin:/Users/makerslaptop098/.rvm/bin
10 verbose lifecycle bloc@1.0.0~karma: CWD: /Users/makerslaptop098/projects/bloc
11 silly lifecycle bloc@1.0.0~karma: Args: [ '-c', 'karma start my.conf.js' ]
12 silly lifecycle bloc@1.0.0~karma: Returned: code: 1  signal: null
13 info lifecycle bloc@1.0.0~karma: Failed to exec karma script
14 verbose stack Error: bloc@1.0.0 karma: `karma start my.conf.js`
14 verbose stack Exit status 1
14 verbose stack     at EventEmitter.<anonymous> (/usr/local/lib/node_modules/npm/lib/utils/lifecycle.js:255:16)
14 verbose stack     at emitTwo (events.js:106:13)
14 verbose stack     at EventEmitter.emit (events.js:191:7)
14 verbose stack     at ChildProcess.<anonymous> (/usr/local/lib/node_modules/npm/lib/utils/spawn.js:40:14)
14 verbose stack     at emitTwo (events.js:106:13)
14 verbose stack     at ChildProcess.emit (events.js:191:7)
14 verbose stack     at maybeClose (internal/child_process.js:877:16)
14 verbose stack     at Process.ChildProcess._handle.onexit (internal/child_process.js:226:5)
15 verbose pkgid bloc@1.0.0
16 verbose cwd /Users/makerslaptop098/projects/bloc
17 error Darwin 16.3.0
18 error argv "/usr/local/bin/node" "/usr/local/bin/npm" "run" "karma"
19 error node v6.10.0
20 error npm  v3.10.10
21 error code ELIFECYCLE
22 error bloc@1.0.0 karma: `karma start my.conf.js`
22 error Exit status 1
23 error Failed at the bloc@1.0.0 karma script 'karma start my.conf.js'.
23 error Make sure you have the latest version of node.js and npm installed.
23 error If you do, this is most likely a problem with the bloc package,
23 error not with npm itself.
23 error Tell the author that this fails on your system:
23 error     karma start my.conf.js
23 error You can get information on how to open an issue for this project with:
23 error     npm bugs bloc
23 error Or if that isn't available, you can get their info via:
23 error     npm owner ls bloc
23 error There is likely additional logging output above.
24 verbose exit [ 1, true ]
